#! /c/Source/iverilog-install/bin/vvp
:ivl_version "12.0 (devel)" "(s20150603-1539-g2693dd32b)";
:ivl_delay_selection "TYPICAL";
:vpi_time_precision + 0;
:vpi_module "C:\iverilog\lib\ivl\system.vpi";
:vpi_module "C:\iverilog\lib\ivl\vhdl_sys.vpi";
:vpi_module "C:\iverilog\lib\ivl\vhdl_textio.vpi";
:vpi_module "C:\iverilog\lib\ivl\v2005_math.vpi";
:vpi_module "C:\iverilog\lib\ivl\va_math.vpi";
S_0000025353152ce0 .scope module, "PKG_RD_CTRL" "PKG_RD_CTRL" 2 10;
 .timescale 0 0;
    .port_info 0 /INPUT 1 "clk";
    .port_info 1 /INPUT 1 "rst_n";
    .port_info 2 /INPUT 11 "high_real_waddr";
    .port_info 3 /INPUT 11 "low_real_waddr";
    .port_info 4 /OUTPUT 1 "hram_ren";
    .port_info 5 /OUTPUT 11 "hram_raddr";
    .port_info 6 /INPUT 11 "hram_rdata";
    .port_info 7 /OUTPUT 1 "lram_ren";
    .port_info 8 /OUTPUT 11 "lram_raddr";
    .port_info 9 /INPUT 11 "lram_rdata";
    .port_info 10 /OUTPUT 8 "chx_data_out";
    .port_info 11 /OUTPUT 1 "chx_sop_out";
    .port_info 12 /OUTPUT 1 "chx_eop_out";
    .port_info 13 /OUTPUT 1 "chx_qos_out";
    .port_info 14 /OUTPUT 8 "rr_req";
    .port_info 15 /INPUT 8 "rr_ack";
P_0000025353175390 .param/l "ADDR_WIDTH" 1 2 39, +C4<00000000000000000000000000001011>;
P_00000253531753c8 .param/l "RAM_DEPTH" 1 2 38, C4<10001111000>;
P_0000025353175400 .param/l "ST_IDLE" 0 2 41, C4<00>;
P_0000025353175438 .param/l "ST_REQ" 0 2 42, C4<01>;
P_0000025353175470 .param/l "ST_SEND" 0 2 43, C4<10>;
L_0000025353180770 .functor AND 1, L_00000253531f6320, L_00000253531f63c0, C4<1>, C4<1>;
L_0000025353180d20 .functor OR 1, L_0000025353180770, L_00000253531f7b80, C4<0>, C4<0>;
L_0000025353180a80 .functor BUFZ 1, v00000253531f7220_0, C4<0>, C4<0>, C4<0>;
v000002535317ee00_0 .net *"_ivl_11", 0 0, L_0000025353180770;  1 drivers
v000002535317f080_0 .net *"_ivl_13", 0 0, L_00000253531f7b80;  1 drivers
v000002535317ec20_0 .net *"_ivl_19", 2 0, L_00000253531f5ce0;  1 drivers
v000002535317efe0_0 .net *"_ivl_21", 2 0, L_00000253531f72c0;  1 drivers
L_0000025353240088 .functor BUFT 1, C4<10>, C4<0>, C4<0>, C4<0>;
v000002535317ecc0_0 .net/2u *"_ivl_4", 1 0, L_0000025353240088;  1 drivers
v000002535317eea0_0 .net *"_ivl_6", 0 0, L_00000253531f6320;  1 drivers
v00000253531f6a00_0 .net *"_ivl_9", 0 0, L_00000253531f63c0;  1 drivers
v00000253531f7180_0 .var "chx_data_out", 7 0;
v00000253531f7860_0 .var "chx_eop_out", 0 0;
v00000253531f7040_0 .net "chx_qos_out", 0 0, L_0000025353180a80;  1 drivers
v00000253531f68c0_0 .var "chx_sop_out", 0 0;
o00000253531a41c8 .functor BUFZ 1, C4<z>; HiZ drive
v00000253531f5d80_0 .net "clk", 0 0, o00000253531a41c8;  0 drivers
v00000253531f6960_0 .var "curr_state", 1 0;
v00000253531f7680_0 .net "eop_flag", 0 0, L_0000025353180d20;  1 drivers
v00000253531f7720_0 .net "high_ram_empty", 0 0, L_00000253531f5e20;  1 drivers
o00000253531a4288 .functor BUFZ 11, C4<zzzzzzzzzzz>; HiZ drive
v00000253531f77c0_0 .net "high_real_waddr", 10 0, o00000253531a4288;  0 drivers
v00000253531f6140_0 .var "hram_raddr", 10 0;
o00000253531a42e8 .functor BUFZ 11, C4<zzzzzzzzzzz>; HiZ drive
v00000253531f61e0_0 .net "hram_rdata", 10 0, o00000253531a42e8;  0 drivers
v00000253531f6460_0 .var "hram_ren", 0 0;
v00000253531f6500_0 .net "low_ram_empty", 0 0, L_00000253531f7ae0;  1 drivers
o00000253531a4378 .functor BUFZ 11, C4<zzzzzzzzzzz>; HiZ drive
v00000253531f75e0_0 .net "low_real_waddr", 10 0, o00000253531a4378;  0 drivers
v00000253531f6aa0_0 .var "lram_raddr", 10 0;
o00000253531a43d8 .functor BUFZ 11, C4<zzzzzzzzzzz>; HiZ drive
v00000253531f7a40_0 .net "lram_rdata", 10 0, o00000253531a43d8;  0 drivers
v00000253531f7900_0 .var "lram_ren", 0 0;
v00000253531f6000_0 .var "next_state", 1 0;
v00000253531f6e60_0 .net "req_dec_id", 2 0, L_00000253531f6f00;  1 drivers
o00000253531a4498 .functor BUFZ 8, C4<zzzzzzzz>; HiZ drive
v00000253531f70e0_0 .net "rr_ack", 7 0, o00000253531a4498;  0 drivers
v00000253531f79a0_0 .var "rr_req", 7 0;
o00000253531a44f8 .functor BUFZ 1, C4<z>; HiZ drive
v00000253531f6280_0 .net "rst_n", 0 0, o00000253531a44f8;  0 drivers
v00000253531f7220_0 .var "send_qos_flag", 0 0;
E_0000025353182490 .event anyedge, v00000253531f6960_0, v00000253531f6e60_0;
E_0000025353182350 .event anyedge, v00000253531f6960_0, v00000253531f61e0_0;
E_0000025353182050 .event anyedge, v00000253531f6960_0, v00000253531f79a0_0, v00000253531f70e0_0;
E_0000025353182650/0 .event anyedge, v00000253531f6960_0, v00000253531f79a0_0, v00000253531f70e0_0, v00000253531f7220_0;
E_0000025353182650/1 .event anyedge, v00000253531f61e0_0, v00000253531f7a40_0;
E_0000025353182650 .event/or E_0000025353182650/0, E_0000025353182650/1;
E_0000025353182390/0 .event negedge, v00000253531f6280_0;
E_0000025353182390/1 .event posedge, v00000253531f5d80_0;
E_0000025353182390 .event/or E_0000025353182390/0, E_0000025353182390/1;
E_0000025353182110/0 .event anyedge, v00000253531f6960_0, v00000253531f7720_0, v00000253531f6500_0, v00000253531f70e0_0;
E_0000025353182110/1 .event anyedge, v00000253531f79a0_0, v00000253531f7220_0, v00000253531f61e0_0, v00000253531f7a40_0;
E_0000025353182110 .event/or E_0000025353182110/0, E_0000025353182110/1;
E_0000025353182750/0 .event anyedge, v00000253531f6960_0, v00000253531f7720_0, v00000253531f6500_0, v00000253531f79a0_0;
E_0000025353182750/1 .event anyedge, v00000253531f70e0_0, v00000253531f7680_0;
E_0000025353182750 .event/or E_0000025353182750/0, E_0000025353182750/1;
L_00000253531f5e20 .cmp/eq 11, o00000253531a4288, v00000253531f6140_0;
L_00000253531f7ae0 .cmp/eq 11, o00000253531a4378, v00000253531f6aa0_0;
L_00000253531f6320 .cmp/eq 2, v00000253531f6960_0, L_0000025353240088;
L_00000253531f63c0 .part o00000253531a42e8, 8, 1;
L_00000253531f7b80 .part o00000253531a43d8, 8, 1;
L_00000253531f5ce0 .part o00000253531a42e8, 8, 3;
L_00000253531f72c0 .part o00000253531a43d8, 8, 3;
L_00000253531f6f00 .functor MUXZ 3, L_00000253531f72c0, L_00000253531f5ce0, v00000253531f7220_0, C4<>;
    .scope S_0000025353152ce0;
T_0 ;
    %wait E_0000025353182390;
    %load/vec4 v00000253531f6280_0;
    %cmpi/e 0, 0, 1;
    %jmp/0xz  T_0.0, 4;
    %pushi/vec4 0, 0, 2;
    %assign/vec4 v00000253531f6960_0, 0;
    %jmp T_0.1;
T_0.0 ;
    %load/vec4 v00000253531f6000_0;
    %assign/vec4 v00000253531f6960_0, 0;
T_0.1 ;
    %jmp T_0;
    .thread T_0;
    .scope S_0000025353152ce0;
T_1 ;
    %wait E_0000025353182750;
    %pushi/vec4 0, 0, 2;
    %store/vec4 v00000253531f6000_0, 0, 2;
    %load/vec4 v00000253531f6960_0;
    %dup/vec4;
    %pushi/vec4 0, 0, 2;
    %cmp/u;
    %jmp/1 T_1.0, 6;
    %dup/vec4;
    %pushi/vec4 1, 0, 2;
    %cmp/u;
    %jmp/1 T_1.1, 6;
    %dup/vec4;
    %pushi/vec4 2, 0, 2;
    %cmp/u;
    %jmp/1 T_1.2, 6;
    %pushi/vec4 0, 0, 2;
    %store/vec4 v00000253531f6000_0, 0, 2;
    %jmp T_1.4;
T_1.0 ;
    %load/vec4 v00000253531f7720_0;
    %cmpi/ne 1, 0, 1;
    %jmp/1 T_1.7, 4;
    %flag_mov 8, 4;
    %load/vec4 v00000253531f6500_0;
    %cmpi/ne 1, 0, 1;
    %flag_or 4, 8;
T_1.7;
    %jmp/0xz  T_1.5, 4;
    %pushi/vec4 1, 0, 2;
    %store/vec4 v00000253531f6000_0, 0, 2;
    %jmp T_1.6;
T_1.5 ;
    %pushi/vec4 0, 0, 2;
    %store/vec4 v00000253531f6000_0, 0, 2;
T_1.6 ;
    %jmp T_1.4;
T_1.1 ;
    %load/vec4 v00000253531f79a0_0;
    %load/vec4 v00000253531f70e0_0;
    %cmp/e;
    %jmp/0xz  T_1.8, 4;
    %pushi/vec4 2, 0, 2;
    %store/vec4 v00000253531f6000_0, 0, 2;
    %jmp T_1.9;
T_1.8 ;
    %pushi/vec4 1, 0, 2;
    %store/vec4 v00000253531f6000_0, 0, 2;
T_1.9 ;
    %jmp T_1.4;
T_1.2 ;
    %load/vec4 v00000253531f7680_0;
    %cmpi/e 1, 0, 1;
    %jmp/0xz  T_1.10, 4;
    %load/vec4 v00000253531f7720_0;
    %flag_set/vec4 8;
    %jmp/1 T_1.14, 8;
    %load/vec4 v00000253531f6500_0;
    %flag_set/vec4 9;
    %flag_or 8, 9;
T_1.14;
    %jmp/0xz  T_1.12, 8;
    %pushi/vec4 1, 0, 2;
    %store/vec4 v00000253531f6000_0, 0, 2;
    %jmp T_1.13;
T_1.12 ;
    %pushi/vec4 0, 0, 2;
    %store/vec4 v00000253531f6000_0, 0, 2;
T_1.13 ;
    %jmp T_1.11;
T_1.10 ;
    %pushi/vec4 2, 0, 2;
    %store/vec4 v00000253531f6000_0, 0, 2;
T_1.11 ;
    %jmp T_1.4;
T_1.4 ;
    %pop/vec4 1;
    %jmp T_1;
    .thread T_1, $push;
    .scope S_0000025353152ce0;
T_2 ;
    %wait E_0000025353182390;
    %load/vec4 v00000253531f6280_0;
    %cmpi/e 0, 0, 1;
    %jmp/0xz  T_2.0, 4;
    %pushi/vec4 0, 0, 11;
    %assign/vec4 v00000253531f6140_0, 0;
    %jmp T_2.1;
T_2.0 ;
    %load/vec4 v00000253531f6460_0;
    %cmpi/e 1, 0, 1;
    %jmp/0xz  T_2.2, 4;
    %load/vec4 v00000253531f6140_0;
    %cmpi/e 1143, 0, 11;
    %jmp/0xz  T_2.4, 4;
    %pushi/vec4 0, 0, 11;
    %assign/vec4 v00000253531f6140_0, 0;
    %jmp T_2.5;
T_2.4 ;
    %load/vec4 v00000253531f6140_0;
    %addi 1, 0, 11;
    %assign/vec4 v00000253531f6140_0, 0;
T_2.5 ;
T_2.2 ;
T_2.1 ;
    %jmp T_2;
    .thread T_2;
    .scope S_0000025353152ce0;
T_3 ;
    %wait E_0000025353182390;
    %load/vec4 v00000253531f6280_0;
    %cmpi/e 0, 0, 1;
    %jmp/0xz  T_3.0, 4;
    %pushi/vec4 0, 0, 11;
    %assign/vec4 v00000253531f6aa0_0, 0;
    %jmp T_3.1;
T_3.0 ;
    %load/vec4 v00000253531f7900_0;
    %cmpi/e 1, 0, 1;
    %jmp/0xz  T_3.2, 4;
    %load/vec4 v00000253531f6aa0_0;
    %cmpi/e 1143, 0, 11;
    %jmp/0xz  T_3.4, 4;
    %pushi/vec4 0, 0, 11;
    %assign/vec4 v00000253531f6aa0_0, 0;
    %jmp T_3.5;
T_3.4 ;
    %load/vec4 v00000253531f6aa0_0;
    %addi 1, 0, 11;
    %assign/vec4 v00000253531f6aa0_0, 0;
T_3.5 ;
T_3.2 ;
T_3.1 ;
    %jmp T_3;
    .thread T_3;
    .scope S_0000025353152ce0;
T_4 ;
    %wait E_0000025353182110;
    %pushi/vec4 0, 0, 1;
    %store/vec4 v00000253531f6460_0, 0, 1;
    %pushi/vec4 0, 0, 1;
    %store/vec4 v00000253531f7900_0, 0, 1;
    %load/vec4 v00000253531f6960_0;
    %dup/vec4;
    %pushi/vec4 0, 0, 2;
    %cmp/u;
    %jmp/1 T_4.0, 6;
    %dup/vec4;
    %pushi/vec4 1, 0, 2;
    %cmp/u;
    %jmp/1 T_4.1, 6;
    %dup/vec4;
    %pushi/vec4 2, 0, 2;
    %cmp/u;
    %jmp/1 T_4.2, 6;
    %pushi/vec4 0, 0, 1;
    %store/vec4 v00000253531f6460_0, 0, 1;
    %pushi/vec4 0, 0, 1;
    %store/vec4 v00000253531f7900_0, 0, 1;
    %jmp T_4.4;
T_4.0 ;
    %load/vec4 v00000253531f7720_0;
    %cmpi/e 0, 0, 1;
    %jmp/0xz  T_4.5, 4;
    %pushi/vec4 1, 0, 1;
    %store/vec4 v00000253531f6460_0, 0, 1;
    %jmp T_4.6;
T_4.5 ;
    %load/vec4 v00000253531f6500_0;
    %cmpi/e 0, 0, 1;
    %jmp/0xz  T_4.7, 4;
    %pushi/vec4 1, 0, 1;
    %store/vec4 v00000253531f7900_0, 0, 1;
T_4.7 ;
T_4.6 ;
    %jmp T_4.4;
T_4.1 ;
    %load/vec4 v00000253531f70e0_0;
    %load/vec4 v00000253531f79a0_0;
    %cmp/e;
    %jmp/0xz  T_4.9, 4;
    %load/vec4 v00000253531f7220_0;
    %cmpi/e 1, 0, 1;
    %jmp/0xz  T_4.11, 4;
    %pushi/vec4 1, 0, 1;
    %store/vec4 v00000253531f6460_0, 0, 1;
    %jmp T_4.12;
T_4.11 ;
    %pushi/vec4 1, 0, 1;
    %store/vec4 v00000253531f7900_0, 0, 1;
T_4.12 ;
T_4.9 ;
    %jmp T_4.4;
T_4.2 ;
    %load/vec4 v00000253531f7220_0;
    %cmpi/e 1, 0, 1;
    %jmp/0xz  T_4.13, 4;
    %load/vec4 v00000253531f61e0_0;
    %parti/s 1, 8, 5;
    %cmpi/e 1, 0, 1;
    %jmp/0xz  T_4.15, 4;
    %load/vec4 v00000253531f7720_0;
    %cmpi/e 0, 0, 1;
    %jmp/0xz  T_4.17, 4;
    %pushi/vec4 1, 0, 1;
    %store/vec4 v00000253531f6460_0, 0, 1;
    %jmp T_4.18;
T_4.17 ;
    %load/vec4 v00000253531f6500_0;
    %cmpi/e 0, 0, 1;
    %jmp/0xz  T_4.19, 4;
    %pushi/vec4 1, 0, 1;
    %store/vec4 v00000253531f7900_0, 0, 1;
T_4.19 ;
T_4.18 ;
    %jmp T_4.16;
T_4.15 ;
    %pushi/vec4 1, 0, 1;
    %store/vec4 v00000253531f6460_0, 0, 1;
T_4.16 ;
    %jmp T_4.14;
T_4.13 ;
    %load/vec4 v00000253531f7a40_0;
    %parti/s 1, 8, 5;
    %cmpi/e 1, 0, 1;
    %jmp/0xz  T_4.21, 4;
    %load/vec4 v00000253531f7720_0;
    %cmpi/e 0, 0, 1;
    %jmp/0xz  T_4.23, 4;
    %pushi/vec4 1, 0, 1;
    %store/vec4 v00000253531f6460_0, 0, 1;
    %jmp T_4.24;
T_4.23 ;
    %load/vec4 v00000253531f6500_0;
    %cmpi/e 0, 0, 1;
    %jmp/0xz  T_4.25, 4;
    %pushi/vec4 1, 0, 1;
    %store/vec4 v00000253531f7900_0, 0, 1;
T_4.25 ;
T_4.24 ;
    %jmp T_4.22;
T_4.21 ;
    %pushi/vec4 1, 0, 1;
    %store/vec4 v00000253531f7900_0, 0, 1;
T_4.22 ;
T_4.14 ;
    %jmp T_4.4;
T_4.4 ;
    %pop/vec4 1;
    %jmp T_4;
    .thread T_4, $push;
    .scope S_0000025353152ce0;
T_5 ;
    %wait E_0000025353182390;
    %load/vec4 v00000253531f6280_0;
    %cmpi/e 0, 0, 1;
    %jmp/0xz  T_5.0, 4;
    %pushi/vec4 0, 0, 1;
    %assign/vec4 v00000253531f7220_0, 0;
    %jmp T_5.1;
T_5.0 ;
    %load/vec4 v00000253531f6000_0;
    %cmpi/e 1, 0, 2;
    %jmp/0xz  T_5.2, 4;
    %load/vec4 v00000253531f7720_0;
    %cmpi/e 0, 0, 1;
    %jmp/0xz  T_5.4, 4;
    %pushi/vec4 1, 0, 1;
    %store/vec4 v00000253531f7220_0, 0, 1;
    %jmp T_5.5;
T_5.4 ;
    %load/vec4 v00000253531f6500_0;
    %cmpi/e 0, 0, 1;
    %jmp/0xz  T_5.6, 4;
    %pushi/vec4 0, 0, 1;
    %store/vec4 v00000253531f7220_0, 0, 1;
T_5.6 ;
T_5.5 ;
T_5.2 ;
T_5.1 ;
    %jmp T_5;
    .thread T_5;
    .scope S_0000025353152ce0;
T_6 ;
    %wait E_0000025353182650;
    %pushi/vec4 0, 0, 8;
    %store/vec4 v00000253531f7180_0, 0, 8;
    %load/vec4 v00000253531f6960_0;
    %cmpi/e 1, 0, 2;
    %flag_get/vec4 4;
    %jmp/0 T_6.2, 4;
    %load/vec4 v00000253531f79a0_0;
    %load/vec4 v00000253531f70e0_0;
    %cmp/e;
    %flag_get/vec4 4;
    %and;
T_6.2;
    %flag_set/vec4 8;
    %jmp/0xz  T_6.0, 8;
    %load/vec4 v00000253531f7220_0;
    %cmpi/e 1, 0, 1;
    %jmp/0xz  T_6.3, 4;
    %load/vec4 v00000253531f61e0_0;
    %pad/u 8;
    %store/vec4 v00000253531f7180_0, 0, 8;
    %jmp T_6.4;
T_6.3 ;
    %load/vec4 v00000253531f7a40_0;
    %pad/u 8;
    %store/vec4 v00000253531f7180_0, 0, 8;
T_6.4 ;
    %jmp T_6.1;
T_6.0 ;
    %load/vec4 v00000253531f6960_0;
    %cmpi/e 2, 0, 2;
    %jmp/0xz  T_6.5, 4;
    %load/vec4 v00000253531f7220_0;
    %cmpi/e 1, 0, 1;
    %jmp/0xz  T_6.7, 4;
    %load/vec4 v00000253531f61e0_0;
    %pad/u 8;
    %store/vec4 v00000253531f7180_0, 0, 8;
    %jmp T_6.8;
T_6.7 ;
    %load/vec4 v00000253531f7a40_0;
    %pad/u 8;
    %store/vec4 v00000253531f7180_0, 0, 8;
T_6.8 ;
T_6.5 ;
T_6.1 ;
    %jmp T_6;
    .thread T_6, $push;
    .scope S_0000025353152ce0;
T_7 ;
    %wait E_0000025353182050;
    %pushi/vec4 0, 0, 1;
    %store/vec4 v00000253531f68c0_0, 0, 1;
    %load/vec4 v00000253531f6960_0;
    %cmpi/e 1, 0, 2;
    %flag_get/vec4 4;
    %jmp/0 T_7.2, 4;
    %load/vec4 v00000253531f79a0_0;
    %load/vec4 v00000253531f70e0_0;
    %cmp/e;
    %flag_get/vec4 4;
    %and;
T_7.2;
    %flag_set/vec4 8;
    %jmp/0xz  T_7.0, 8;
    %pushi/vec4 1, 0, 1;
    %store/vec4 v00000253531f68c0_0, 0, 1;
T_7.0 ;
    %jmp T_7;
    .thread T_7, $push;
    .scope S_0000025353152ce0;
T_8 ;
    %wait E_0000025353182350;
    %pushi/vec4 0, 0, 1;
    %store/vec4 v00000253531f7860_0, 0, 1;
    %load/vec4 v00000253531f6960_0;
    %cmpi/e 2, 0, 2;
    %flag_get/vec4 4;
    %jmp/0 T_8.2, 4;
    %load/vec4 v00000253531f61e0_0;
    %parti/s 1, 8, 5;
    %pushi/vec4 1, 0, 1;
    %cmp/e;
    %flag_get/vec4 4;
    %and;
T_8.2;
    %flag_set/vec4 8;
    %jmp/0xz  T_8.0, 8;
    %pushi/vec4 1, 0, 1;
    %store/vec4 v00000253531f7860_0, 0, 1;
T_8.0 ;
    %jmp T_8;
    .thread T_8, $push;
    .scope S_0000025353152ce0;
T_9 ;
    %wait E_0000025353182490;
    %pushi/vec4 0, 0, 8;
    %store/vec4 v00000253531f79a0_0, 0, 8;
    %load/vec4 v00000253531f6960_0;
    %cmpi/e 1, 0, 2;
    %jmp/0xz  T_9.0, 4;
    %load/vec4 v00000253531f6e60_0;
    %dup/vec4;
    %pushi/vec4 0, 0, 3;
    %cmp/u;
    %jmp/1 T_9.2, 6;
    %dup/vec4;
    %pushi/vec4 1, 0, 3;
    %cmp/u;
    %jmp/1 T_9.3, 6;
    %dup/vec4;
    %pushi/vec4 2, 0, 3;
    %cmp/u;
    %jmp/1 T_9.4, 6;
    %dup/vec4;
    %pushi/vec4 3, 0, 3;
    %cmp/u;
    %jmp/1 T_9.5, 6;
    %dup/vec4;
    %pushi/vec4 4, 0, 3;
    %cmp/u;
    %jmp/1 T_9.6, 6;
    %dup/vec4;
    %pushi/vec4 5, 0, 3;
    %cmp/u;
    %jmp/1 T_9.7, 6;
    %dup/vec4;
    %pushi/vec4 6, 0, 3;
    %cmp/u;
    %jmp/1 T_9.8, 6;
    %dup/vec4;
    %pushi/vec4 7, 0, 3;
    %cmp/u;
    %jmp/1 T_9.9, 6;
    %pushi/vec4 0, 0, 8;
    %store/vec4 v00000253531f79a0_0, 0, 8;
    %jmp T_9.11;
T_9.2 ;
    %pushi/vec4 1, 0, 8;
    %store/vec4 v00000253531f79a0_0, 0, 8;
    %jmp T_9.11;
T_9.3 ;
    %pushi/vec4 2, 0, 8;
    %store/vec4 v00000253531f79a0_0, 0, 8;
    %jmp T_9.11;
T_9.4 ;
    %pushi/vec4 4, 0, 8;
    %store/vec4 v00000253531f79a0_0, 0, 8;
    %jmp T_9.11;
T_9.5 ;
    %pushi/vec4 8, 0, 8;
    %store/vec4 v00000253531f79a0_0, 0, 8;
    %jmp T_9.11;
T_9.6 ;
    %pushi/vec4 16, 0, 8;
    %store/vec4 v00000253531f79a0_0, 0, 8;
    %jmp T_9.11;
T_9.7 ;
    %pushi/vec4 32, 0, 8;
    %store/vec4 v00000253531f79a0_0, 0, 8;
    %jmp T_9.11;
T_9.8 ;
    %pushi/vec4 64, 0, 8;
    %store/vec4 v00000253531f79a0_0, 0, 8;
    %jmp T_9.11;
T_9.9 ;
    %pushi/vec4 128, 0, 8;
    %store/vec4 v00000253531f79a0_0, 0, 8;
    %jmp T_9.11;
T_9.11 ;
    %pop/vec4 1;
T_9.0 ;
    %jmp T_9;
    .thread T_9, $push;
# The file index is used to find the file name in the following table.
:file_names 3;
    "N/A";
    "<interactive>";
    "pkg_rd_ctrl.v";
